\BOOKMARK [1][-]{section.1}{\376\377\000n\000a\000v\000i\000c\000o\000m\000\040\000p\000a\000c\000k\000a\000g\000e\000\040\000d\000o\000c\000u\000m\000e\000n\000t\000a\000t\000i\000o\000n}{}
\BOOKMARK [2][-]{subsection.1.1}{\376\377\000G\000e\000t\000t\000i\000n\000g\000\040\000s\000t\000a\000r\000t\000e\000d}{section.1}
\BOOKMARK [3][-]{subsubsection.1.1.1}{\376\377\000D\000i\000s\000p\000l\000a\000y\000\040\000c\000o\000n\000f\000i\000g\000u\000r\000a\000t\000i\000o\000n}{subsection.1.1}
\BOOKMARK [3][-]{subsubsection.1.1.2}{\376\377\000A\000d\000d\000i\000n\000g\000\040\000e\000x\000t\000r\000a\000\040\000d\000a\000t\000a}{subsection.1.1}
\BOOKMARK [2][-]{subsection.1.2}{\376\377\000D\000a\000t\000a\000\040\000v\000i\000s\000u\000a\000l\000i\000s\000a\000t\000i\000o\000n}{section.1}
\BOOKMARK [1][-]{section.2}{\376\377\000C\000l\000a\000s\000s\000\040\000I\000n\000d\000e\000x}{}
\BOOKMARK [2][-]{subsection.2.1}{\376\377\000C\000l\000a\000s\000s\000\040\000H\000i\000e\000r\000a\000r\000c\000h\000y}{section.2}
\BOOKMARK [1][-]{section.3}{\376\377\000C\000l\000a\000s\000s\000\040\000I\000n\000d\000e\000x}{}
\BOOKMARK [2][-]{subsection.3.1}{\376\377\000C\000l\000a\000s\000s\000\040\000L\000i\000s\000t}{section.3}
\BOOKMARK [1][-]{section.4}{\376\377\000C\000l\000a\000s\000s\000\040\000D\000o\000c\000u\000m\000e\000n\000t\000a\000t\000i\000o\000n}{}
\BOOKMARK [2][-]{subsection.4.1}{\376\377\000n\000a\000v\000i\000c\000o\000m\000:\000:\000d\000i\000s\000p\000l\000a\000y\000C\000o\000n\000f\000i\000g\000:\000:\000D\000i\000s\000p\000l\000a\000y\000C\000o\000n\000f\000i\000g\000\040\000C\000l\000a\000s\000s\000\040\000R\000e\000f\000e\000r\000e\000n\000c\000e}{section.4}
\BOOKMARK [3][-]{subsubsection.4.1.1}{\376\377\000D\000e\000t\000a\000i\000l\000e\000d\000\040\000D\000e\000s\000c\000r\000i\000p\000t\000i\000o\000n}{subsection.4.1}
\BOOKMARK [3][-]{subsubsection.4.1.2}{\376\377\000M\000e\000m\000b\000e\000r\000\040\000F\000u\000n\000c\000t\000i\000o\000n\000\040\000D\000o\000c\000u\000m\000e\000n\000t\000a\000t\000i\000o\000n}{subsection.4.1}
\BOOKMARK [2][-]{subsection.4.2}{\376\377\000n\000a\000v\000i\000c\000o\000m\000:\000:\000n\000a\000v\000i\000d\000a\000t\000a\000:\000:\000N\000a\000v\000i\000A\000n\000n\000o\000t\000a\000t\000i\000o\000n\000s\000\040\000C\000l\000a\000s\000s\000\040\000R\000e\000f\000e\000r\000e\000n\000c\000e}{section.4}
\BOOKMARK [3][-]{subsubsection.4.2.1}{\376\377\000D\000e\000t\000a\000i\000l\000e\000d\000\040\000D\000e\000s\000c\000r\000i\000p\000t\000i\000o\000n}{subsection.4.2}
\BOOKMARK [2][-]{subsection.4.3}{\376\377\000n\000a\000v\000i\000c\000o\000m\000:\000:\000n\000a\000v\000i\000c\000o\000m\000:\000:\000N\000a\000v\000i\000C\000o\000m\000\040\000C\000l\000a\000s\000s\000\040\000R\000e\000f\000e\000r\000e\000n\000c\000e}{section.4}
\BOOKMARK [3][-]{subsubsection.4.3.1}{\376\377\000D\000e\000t\000a\000i\000l\000e\000d\000\040\000D\000e\000s\000c\000r\000i\000p\000t\000i\000o\000n}{subsection.4.3}
\BOOKMARK [3][-]{subsubsection.4.3.2}{\376\377\000M\000e\000m\000b\000e\000r\000\040\000F\000u\000n\000c\000t\000i\000o\000n\000\040\000D\000o\000c\000u\000m\000e\000n\000t\000a\000t\000i\000o\000n}{subsection.4.3}
\BOOKMARK [2][-]{subsection.4.4}{\376\377\000n\000a\000v\000i\000c\000o\000m\000:\000:\000n\000a\000v\000i\000d\000a\000t\000a\000:\000:\000N\000a\000v\000i\000D\000a\000t\000a\000\040\000C\000l\000a\000s\000s\000\040\000R\000e\000f\000e\000r\000e\000n\000c\000e}{section.4}
\BOOKMARK [3][-]{subsubsection.4.4.1}{\376\377\000D\000e\000t\000a\000i\000l\000e\000d\000\040\000D\000e\000s\000c\000r\000i\000p\000t\000i\000o\000n}{subsection.4.4}
\BOOKMARK [3][-]{subsubsection.4.4.2}{\376\377\000M\000e\000m\000b\000e\000r\000\040\000F\000u\000n\000c\000t\000i\000o\000n\000\040\000D\000o\000c\000u\000m\000e\000n\000t\000a\000t\000i\000o\000n}{subsection.4.4}
\BOOKMARK [2][-]{subsection.4.5}{\376\377\000n\000a\000v\000i\000c\000o\000m\000:\000:\000n\000a\000v\000i\000d\000a\000t\000a\000:\000:\000N\000a\000v\000i\000S\000l\000i\000c\000e\000\040\000C\000l\000a\000s\000s\000\040\000R\000e\000f\000e\000r\000e\000n\000c\000e}{section.4}
\BOOKMARK [3][-]{subsubsection.4.5.1}{\376\377\000D\000e\000t\000a\000i\000l\000e\000d\000\040\000D\000e\000s\000c\000r\000i\000p\000t\000i\000o\000n}{subsection.4.5}
